<?xml version="1.0" encoding="UTF-8"?>
<!-- Generated by org.testng.reporters.JUnitReportReporter -->
<testsuite name="pack1.Test1" tests="1" time="10.014" ignored="0" failures="0" timestamp="03 Feb 2018 14:26:42 GMT" skipped="0" hostname="ganesh" errors="0">
  <testcase name="Demo" time="10.014" classname="pack1.Test1"/>
</testsuite> <!-- pack1.Test1 -->
